WeatherApp_v2/app/build/intermediates/manifest_merge_blame_file/debug/manifest-merger-blame-debug-report.txt
1<?xml version="1.0" encoding="utf-8"?>
2<manifest xmlns:android="http://schemas.android.com/apk/res/android"
3    package="com.weatherapp"
4    android:versionCode="1"
5    android:versionName="1.0" >
6
7    <uses-sdk
8        android:minSdkVersion="21"
8-->src\main\AndroidManifest.xml
9        android:targetSdkVersion="29" />
9-->src\main\AndroidManifest.xml
10
11    <!-- To access the location -->
12    <uses-permission android:name="android.permission.ACCESS_FINE_LOCATION" />
12-->src\main\AndroidManifest.xml:7:5-79
12-->src\main\AndroidManifest.xml:7:22-76
13    <uses-permission android:name="android.permission.ACCESS_COARSE_LOCATION" />
13-->src\main\AndroidManifest.xml:8:5-81
13-->src\main\AndroidManifest.xml:8:22-78
14
15    <application
15-->src\main\AndroidManifest.xml:10:5-28:19
16        android:allowBackup="true"
16-->src\main\AndroidManifest.xml:11:9-35
17        android:appComponentFactory="androidx.core.app.CoreComponentFactory"
17-->[androidx.core:core:1.2.0] AndroidManifest.xml:24:18-86
18        android:debuggable="true"
19        android:icon="@mipmap/ic_launcher"
19-->src\main\AndroidManifest.xml:12:9-43
20        android:label="@string/app_name"
20-->src\main\AndroidManifest.xml:13:9-41
21        android:roundIcon="@mipmap/ic_launcher_round"
21-->src\main\AndroidManifest.xml:14:9-54
22        android:supportsRtl="true"
22-->src\main\AndroidManifest.xml:15:9-35
23        android:testOnly="true"
24        android:theme="@style/AppTheme" >
24-->src\main\AndroidManifest.xml:16:9-40
25        <activity
25-->src\main\AndroidManifest.xml:18:9-26:20
26            android:name="com.weatherapp.MainActivity"
26-->src\main\AndroidManifest.xml:19:13-41
27            android:screenOrientation="portrait" >
27-->src\main\AndroidManifest.xml:20:13-49
28            <intent-filter>
28-->src\main\AndroidManifest.xml:21:13-25:29
29                <action android:name="android.intent.action.MAIN" />
29-->src\main\AndroidManifest.xml:22:17-69
29-->src\main\AndroidManifest.xml:22:25-66
30
31                <category android:name="android.intent.category.LAUNCHER" />
31-->src\main\AndroidManifest.xml:24:17-77
31-->src\main\AndroidManifest.xml:24:27-74
32            </intent-filter>
33        </activity>
34        <activity
34-->[com.karumi:dexter:6.0.1] AndroidManifest.xml:27:9-29:72
35            android:name="com.karumi.dexter.DexterActivity"
35-->[com.karumi:dexter:6.0.1] AndroidManifest.xml:28:13-60
36            android:theme="@style/Dexter.Internal.Theme.Transparent" />
36-->[com.karumi:dexter:6.0.1] AndroidManifest.xml:29:13-69
37        <activity
37-->[com.google.android.gms:play-services-base:17.0.0] AndroidManifest.xml:23:9-26:75
38            android:name="com.google.android.gms.common.api.GoogleApiActivity"
38-->[com.google.android.gms:play-services-base:17.0.0] AndroidManifest.xml:24:13-79
39            android:exported="false"
39-->[com.google.android.gms:play-services-base:17.0.0] AndroidManifest.xml:25:13-37
40            android:theme="@android:style/Theme.Translucent.NoTitleBar" />
40-->[com.google.android.gms:play-services-base:17.0.0] AndroidManifest.xml:26:13-72
41
42        <meta-data
42-->[com.google.android.gms:play-services-basement:17.0.0] AndroidManifest.xml:23:9-25:69
43            android:name="com.google.android.gms.version"
43-->[com.google.android.gms:play-services-basement:17.0.0] AndroidManifest.xml:24:13-58
44            android:value="@integer/google_play_services_version" />
44-->[com.google.android.gms:play-services-basement:17.0.0] AndroidManifest.xml:25:13-66
45    </application>
46
47</manifest>